<?xml version="1.0" encoding="UTF-8"?>
<testsuite xmlns:xsi="http://www.w3.org/2001/XMLSchema-instance" xsi:noNamespaceSchemaLocation="https://maven.apache.org/surefire/maven-surefire-plugin/xsd/surefire-test-report-3.0.xsd" version="3.0" name="flightapp.FlightServiceTest" time="51.04" tests="4" errors="0" skipped="0" failures="0">
  <properties>
[...]
</properties>
  <testcase name="runTest[0]" classname="flightapp.FlightServiceTest" time="22.141">
    <system-out><![CDATA[Running test setup...
... using dbconn.properties for test credentials
... resetting database (ie, dropping all tables with suffix: keipett)
... running createTables.sql

Starting tests
Running test file: /homes/iws/keipett/cse344/hw6/project/cases/transaction/book/book_2Users1FlightNoCapacity.test.txt
]]></system-out>
  </testcase>
  <testcase name="runTest[1]" classname="flightapp.FlightServiceTest" time="10.175">
    <system-out><![CDATA[Running test file: /homes/iws/keipett/cse344/hw6/project/cases/transaction/book/book_1User1FlightTwice.test.txt
]]></system-out>
  </testcase>
  <testcase name="runTest[2]" classname="flightapp.FlightServiceTest" time="8.561">
    <system-out><![CDATA[Running test file: /homes/iws/keipett/cse344/hw6/project/cases/transaction/book/book_2Users2Flights.test.txt
]]></system-out>
  </testcase>
  <testcase name="runTest[3]" classname="flightapp.FlightServiceTest" time="8.143">
    <system-out><![CDATA[Running test file: /homes/iws/keipett/cse344/hw6/project/cases/transaction/book/book_withoutSearch.test.txt
]]></system-out>
  </testcase>
</testsuite>